<?xml version="1.0" encoding="UTF-8"?>
<testng-results ignored="0" total="1" passed="1" failed="0" skipped="0">
  <reporter-output>
  </reporter-output>
  <suite started-at="2019-10-11T10:22:34Z" name="softwaretestingmaterial" finished-at="2019-10-11T10:23:04Z" duration-ms="29921">
    <groups>
    </groups>
    <test started-at="2019-10-11T10:22:34Z" name="testngTest" finished-at="2019-10-11T10:23:04Z" duration-ms="29921">
      <class name="testcases.TC_PulseLogin">
        <test-method signature="TC_login()[pri:0, instance:testcases.TC_PulseLogin@37574691]" started-at="2019-10-11T10:22:34Z" name="TC_login" finished-at="2019-10-11T10:23:04Z" duration-ms="29888" status="PASS">
          <reporter-output>
          </reporter-output>
        </test-method> <!-- TC_login -->
      </class> <!-- testcases.TC_PulseLogin -->
    </test> <!-- testngTest -->
  </suite> <!-- softwaretestingmaterial -->
</testng-results>
