<?xml version="1.0" encoding="UTF-8"?>
<testng-results ignored="0" total="1" passed="1" failed="0" skipped="0">
  <reporter-output>
  </reporter-output>
  <suite started-at="2019-10-10T11:24:43Z" name="softwaretestingmaterial" finished-at="2019-10-10T11:24:43Z" duration-ms="38">
    <groups>
    </groups>
    <test started-at="2019-10-10T11:24:43Z" name="testngTest" finished-at="2019-10-10T11:24:43Z" duration-ms="38">
      <class name="testcases.sample">
        <test-method signature="testone()[pri:0, instance:testcases.sample@7181ae3f]" started-at="2019-10-10T11:24:43Z" name="testone" finished-at="2019-10-10T11:24:43Z" duration-ms="8" status="PASS">
          <reporter-output>
          </reporter-output>
        </test-method> <!-- testone -->
      </class> <!-- testcases.sample -->
    </test> <!-- testngTest -->
  </suite> <!-- softwaretestingmaterial -->
</testng-results>
