<?xml version="1.0" encoding="UTF-8"?>
<testng-results skipped="0" failed="0" ignored="0" total="1" passed="1">
  <reporter-output>
  </reporter-output>
  <suite name="Default suite" duration-ms="33731" started-at="2019-10-11T16:48:02 IST" finished-at="2019-10-11T16:48:36 IST">
    <groups>
    </groups>
    <test name="Default test" duration-ms="33731" started-at="2019-10-11T16:48:02 IST" finished-at="2019-10-11T16:48:36 IST">
      <class name="testcases.TC_PulseLogin">
        <test-method status="PASS" signature="TC_login()[pri:0, instance:testcases.TC_PulseLogin@578486a3]" name="TC_login" duration-ms="33679" started-at="2019-10-11T16:48:02 IST" finished-at="2019-10-11T16:48:36 IST">
          <reporter-output>
          </reporter-output>
        </test-method> <!-- TC_login -->
      </class> <!-- testcases.TC_PulseLogin -->
    </test> <!-- Default test -->
  </suite> <!-- Default suite -->
</testng-results>
